c:\users\student\desktop\2024_action_git\2024_action_0\2024_project0\depthbufshadoweffect.cso
c:\users\student\desktop\2024_action_git\2024_action_0\2024_project0\ztexcreator.cso
c:\users\student\documents\visual studio 2015\projects\c++game_basis\release\vc140.pdb
c:\users\student\documents\visual studio 2015\projects\c++game_basis\release\xmanager.obj
c:\users\student\documents\visual studio 2015\projects\c++game_basis\release\xfile.obj
c:\users\student\documents\visual studio 2015\projects\c++game_basis\release\texture.obj
c:\users\student\documents\visual studio 2015\projects\c++game_basis\release\sound.obj
c:\users\student\documents\visual studio 2015\projects\c++game_basis\release\scene.obj
c:\users\student\documents\visual studio 2015\projects\c++game_basis\release\renderer.obj
c:\users\student\documents\visual studio 2015\projects\c++game_basis\release\objectx.obj
c:\users\student\documents\visual studio 2015\projects\c++game_basis\release\object3d.obj
c:\users\student\documents\visual studio 2015\projects\c++game_basis\release\object2d.obj
c:\users\student\documents\visual studio 2015\projects\c++game_basis\release\object.obj
c:\users\student\documents\visual studio 2015\projects\c++game_basis\release\manager.obj
c:\users\student\documents\visual studio 2015\projects\c++game_basis\release\main.obj
c:\users\student\documents\visual studio 2015\projects\c++game_basis\release\light.obj
c:\users\student\documents\visual studio 2015\projects\c++game_basis\release\input.obj
c:\users\student\documents\visual studio 2015\projects\c++game_basis\release\fade.obj
c:\users\student\documents\visual studio 2015\projects\c++game_basis\release\debugproc.obj
c:\users\student\documents\visual studio 2015\projects\c++game_basis\release\camera.obj
c:\users\student\documents\visual studio 2015\projects\c++game_basis\release\billboard.obj
c:\users\student\desktop\2024_action_git\2024_action_0\2024_project0\release\vc140.pdb
c:\users\student\desktop\2024_action_git\2024_action_0\2024_project0\release\renderer.obj
c:\users\student\desktop\2024_action_git\2024_action_0\2024_project0\release\player.obj
c:\users\student\desktop\2024_action_git\2024_action_0\2024_project0\release\orbit.obj
c:\users\student\desktop\2024_action_git\2024_action_0\2024_project0\release\objectx.obj
c:\users\student\desktop\2024_action_git\2024_action_0\2024_project0\release\object3d.obj
c:\users\student\desktop\2024_action_git\2024_action_0\2024_project0\release\object2d.obj
c:\users\student\desktop\2024_action_git\2024_action_0\2024_project0\release\object.obj
c:\users\student\desktop\2024_action_git\2024_action_0\2024_project0\release\motion.obj
c:\users\student\desktop\2024_action_git\2024_action_0\2024_project0\release\model.obj
c:\users\student\desktop\2024_action_git\2024_action_0\2024_project0\release\meshfield.obj
c:\users\student\desktop\2024_action_git\2024_action_0\2024_project0\release\manager.obj
c:\users\student\desktop\2024_action_git\2024_action_0\2024_project0\release\main.obj
c:\users\student\desktop\2024_action_git\2024_action_0\2024_project0\release\light.obj
c:\users\student\desktop\2024_action_git\2024_action_0\2024_project0\release\input.obj
c:\users\student\desktop\2024_action_git\2024_action_0\2024_project0\release\fade.obj
c:\users\student\desktop\2024_action_git\2024_action_0\2024_project0\release\enemy.obj
c:\users\student\desktop\2024_action_git\2024_action_0\2024_project0\release\depthshadow.obj
c:\users\student\desktop\2024_action_git\2024_action_0\2024_project0\release\debugproc.obj
c:\users\student\desktop\2024_action_git\2024_action_0\2024_project0\release\camera.obj
c:\users\student\desktop\2024_action_git\2024_action_0\2024_project0\release\billboard.obj
c:\users\student\desktop\2024_action_git\2024_action_0\2024_project0\release\ztexture.obj
c:\users\student\desktop\2024_action_git\2024_action_0\2024_project0\release\xmanager.obj
c:\users\student\desktop\2024_action_git\2024_action_0\2024_project0\release\xfile.obj
c:\users\student\desktop\2024_action_git\2024_action_0\2024_project0\release\texture.obj
c:\users\student\desktop\2024_action_git\2024_action_0\2024_project0\release\supporter.obj
c:\users\student\desktop\2024_action_git\2024_action_0\2024_project0\release\sound.obj
c:\users\student\desktop\2024_action_git\2024_action_0\2024_project0\release\scene.obj
c:\users\student\desktop\2024_action_git\2024_action_0\2024_project0\release\collision.obj
c:\users\student\desktop\2024_action_git\2024_action_0\2024_project0\release\bullet.obj
c:\users\student\desktop\2024_action_git\2024_action_0\2024_project0\release\audience.obj
c:\users\student\desktop\2024_action_git\2024_action_0\2024_project0\release\animbillboard.obj
c:\users\student\documents\visual studio 2015\projects\c++game_basis\c++game_basis.exe
c:\users\student\documents\visual studio 2015\projects\c++game_basis\c++game_basis.ipdb
c:\users\student\documents\visual studio 2015\projects\c++game_basis\c++game_basis.iobj
c:\users\student\documents\visual studio 2015\projects\c++game_basis\c++game_basis.pdb
c:\users\student\desktop\2024_action_git\2024_action_0\2024_project0\c++game_basis.exe
c:\users\student\desktop\2024_action_git\2024_action_0\2024_project0\c++game_basis.ipdb
c:\users\student\desktop\2024_action_git\2024_action_0\2024_project0\c++game_basis.iobj
c:\users\student\desktop\2024_action_git\2024_action_0\2024_project0\c++game_basis.pdb
c:\users\student\desktop\2024_action_git\2024_action_0\2024_project0\release\c++game_basis.tlog\c++game_basis.write.1u.tlog
c:\users\student\desktop\2024_action_git\2024_action_0\2024_project0\release\c++game_basis.tlog\cl.command.1.tlog
c:\users\student\desktop\2024_action_git\2024_action_0\2024_project0\release\c++game_basis.tlog\cl.read.1.tlog
c:\users\student\desktop\2024_action_git\2024_action_0\2024_project0\release\c++game_basis.tlog\cl.write.1.tlog
c:\users\student\desktop\2024_action_git\2024_action_0\2024_project0\release\c++game_basis.tlog\link.command.1.tlog
c:\users\student\desktop\2024_action_git\2024_action_0\2024_project0\release\c++game_basis.tlog\link.read.1.tlog
c:\users\student\desktop\2024_action_git\2024_action_0\2024_project0\release\c++game_basis.tlog\link.write.1.tlog
